\BOOKMARK [0][-]{chapter.1}{Permutations and Combinations}{}% 1
\BOOKMARK [1][-]{section.1.1}{Basic Counting Principles}{chapter.1}% 2
\BOOKMARK [2][-]{subsection.1.1.1}{Addition Principle for Counting}{section.1.1}% 3
\BOOKMARK [2][-]{subsection.1.1.2}{Multiplication Principle for Counting}{section.1.1}% 4
\BOOKMARK [1][-]{section.1.2}{Permutations }{chapter.1}% 5
\BOOKMARK [2][-]{subsection.1.2.1}{Permutations Involving Identical Objects}{section.1.2}% 6
\BOOKMARK [2][-]{subsection.1.2.2}{Permutations Involving Non-Identical Objects}{section.1.2}% 7
\BOOKMARK [2][-]{subsection.1.2.3}{Permutations in a Circle }{section.1.2}% 8
\BOOKMARK [1][-]{section.1.3}{Combinations }{chapter.1}% 9
\BOOKMARK [1][-]{section.1.4}{Grouping Method, Inserting Method, Complementary Method}{chapter.1}% 10
\BOOKMARK [1][-]{section.1.5}{Combinations, Pascal\220s Triangle and The Binomial Distribution}{chapter.1}% 11
\BOOKMARK [0][-]{chapter.2}{Probability}{}% 12
\BOOKMARK [1][-]{section.2.1}{Gambling and Probability}{chapter.2}% 13
\BOOKMARK [1][-]{section.2.2}{Introduction to Probability}{chapter.2}% 14
\BOOKMARK [1][-]{section.2.3}{Venn Diagrams}{chapter.2}% 15
\BOOKMARK [1][-]{section.2.4}{Independent Events}{chapter.2}% 16
\BOOKMARK [1][-]{section.2.5}{Dependent Events}{chapter.2}% 17
\BOOKMARK [1][-]{section.2.6}{Simple Combined Events}{chapter.2}% 18
\BOOKMARK [2][-]{subsection.2.6.1}{Possibility Diagrams}{section.2.6}% 19
\BOOKMARK [2][-]{subsection.2.6.2}{Tree Diagrams}{section.2.6}% 20
\BOOKMARK [1][-]{section.2.7}{Sampling With and Without Replacement}{chapter.2}% 21
\BOOKMARK [1][-]{section.2.8}{Laws of Probability}{chapter.2}% 22
\BOOKMARK [2][-]{subsection.2.8.1}{Addition Law of Probability}{section.2.8}% 23
\BOOKMARK [2][-]{subsection.2.8.2}{Mutually Exclusive Events}{section.2.8}% 24
\BOOKMARK [2][-]{subsection.2.8.3}{Conditional Probability}{section.2.8}% 25
\BOOKMARK [1][-]{section.2.9}{Probabilities Using Permutations and Combinations}{chapter.2}% 26
\BOOKMARK [1][-]{section.2.10}{De Meres Problem}{chapter.2}% 27
\BOOKMARK [1][-]{section.2.11}{Newton-Pepys Problem}{chapter.2}% 28
\BOOKMARK [1][-]{section.2.12}{The St. Petersberg Paradox}{chapter.2}% 29
\BOOKMARK [1][-]{section.2.13}{The Monty Hall Problem}{chapter.2}% 30
\BOOKMARK [0][-]{chapter.3}{Discrete Random Variables}{}% 31
\BOOKMARK [1][-]{section.3.1}{Discrete Random Variables}{chapter.3}% 32
\BOOKMARK [1][-]{section.3.2}{Probability Distribution}{chapter.3}% 33
\BOOKMARK [1][-]{section.3.3}{Expected Value of a Random Variable}{chapter.3}% 34
\BOOKMARK [1][-]{section.3.4}{Variance and Standard Deviation or a Random Variable}{chapter.3}% 35
\BOOKMARK [0][-]{chapter.4}{Binomial Distribution}{}% 36
\BOOKMARK [1][-]{section.4.1}{Binomial Experiments}{chapter.4}% 37
\BOOKMARK [1][-]{section.4.2}{The Binomial Distribution}{chapter.4}% 38
\BOOKMARK [1][-]{section.4.3}{Mean and Varianace of a Binomial Distribution}{chapter.4}% 39
\BOOKMARK [1][-]{section.4.4}{Binomial Distribution Problems Involving Probability Trees}{chapter.4}% 40
\BOOKMARK [0][-]{chapter.5}{Normal Distribution}{}% 41
\BOOKMARK [1][-]{section.5.1}{The Normal Distribution}{chapter.5}% 42
\BOOKMARK [2][-]{subsection.5.1.1}{Properties of The Normal Distribution}{section.5.1}% 43
\BOOKMARK [2][-]{subsection.5.1.2}{Finding Probabilities Using Graphic Calculator}{section.5.1}% 44
\BOOKMARK [1][-]{section.5.2}{The Standard Normal Distribution \(Z-Distribution\)}{chapter.5}% 45
\BOOKMARK [1][-]{section.5.3}{Linear Combinations of Normal Random Variables}{chapter.5}% 46
\BOOKMARK [0][-]{chapter.6}{Sampling Distribution \(Central Limit Theorem\)}{}% 47
\BOOKMARK [1][-]{section.6.1}{Population and Sample}{chapter.6}% 48
\BOOKMARK [1][-]{section.6.2}{Random Sampling}{chapter.6}% 49
\BOOKMARK [1][-]{section.6.3}{Population Parameters and Sample Statistics}{chapter.6}% 50
\BOOKMARK [1][-]{section.6.4}{The Sample Mean, X as a Random Variable}{chapter.6}% 51
\BOOKMARK [1][-]{section.6.5}{Distribution of X }{chapter.6}% 52
\BOOKMARK [2][-]{subsection.6.5.1}{When X Follows a Normal Distribution}{section.6.5}% 53
\BOOKMARK [2][-]{subsection.6.5.2}{When X Follows Any Distribution \(Central Limit Theorem\)}{section.6.5}% 54
\BOOKMARK [0][-]{chapter.7}{Hypothesis Testing}{}% 55
\BOOKMARK [1][-]{section.7.1}{Null and Alternative Hypotheses}{chapter.7}% 56
\BOOKMARK [1][-]{section.7.2}{Hypothesis Testing}{chapter.7}% 57
\BOOKMARK [2][-]{subsection.7.2.1}{The Test Statistic}{section.7.2}% 58
\BOOKMARK [2][-]{subsection.7.2.2}{Level of Significance}{section.7.2}% 59
\BOOKMARK [2][-]{subsection.7.2.3}{Critical Region and Critical Values}{section.7.2}% 60
\BOOKMARK [2][-]{subsection.7.2.4}{The bold0mu mumu p-p-p-p-p-p-value }{section.7.2}% 61
\BOOKMARK [1][-]{section.7.3}{The bold0mu mumu Z-Z-Z-Z-Z-Z-Test}{chapter.7}% 62
\BOOKMARK [1][-]{section.7.4}{Unbiased Estimates of Population Parameters}{chapter.7}% 63
\BOOKMARK [2][-]{subsection.7.4.1}{Unbiased Estimate for Population Mean bold0mu mumu }{section.7.4}% 64
\BOOKMARK [2][-]{subsection.7.4.2}{Unbiased Estimate for Population Variance bold0mu mumu s2s2s2s2s2s2}{section.7.4}% 65
\BOOKMARK [2][-]{subsection.7.4.3}{Hypothesis Test With Unknown Variance and Large Sample Size bold0mu mumu nnnnnn}{section.7.4}% 66
\BOOKMARK [0][-]{chapter.8}{Correlation and Regression}{}% 67
\BOOKMARK [1][-]{section.8.1}{Bivariate Data}{chapter.8}% 68
\BOOKMARK [1][-]{section.8.2}{Scatter Diagrams}{chapter.8}% 69
\BOOKMARK [1][-]{section.8.3}{Correlation}{chapter.8}% 70
\BOOKMARK [2][-]{subsection.8.3.1}{Direction}{section.8.3}% 71
\BOOKMARK [2][-]{subsection.8.3.2}{Linearity}{section.8.3}% 72
\BOOKMARK [2][-]{subsection.8.3.3}{Strength}{section.8.3}% 73
\BOOKMARK [1][-]{section.8.4}{Causality}{chapter.8}% 74
\BOOKMARK [1][-]{section.8.5}{Pearson's Product-Moment Correlation Coefficient, bold0mu mumu rrrrrr}{chapter.8}% 75
\BOOKMARK [2][-]{subsection.8.5.1}{Properties of Pearson's Product-Moment Correlation Coefficient}{section.8.5}% 76
\BOOKMARK [2][-]{subsection.8.5.2}{Limitations of Pearson's Product-Moment Correlation Coefficient}{section.8.5}% 77
\BOOKMARK [1][-]{section.8.6}{Linear Regression}{chapter.8}% 78
\BOOKMARK [2][-]{subsection.8.6.1}{Independent and Dependent Variables}{section.8.6}% 79
\BOOKMARK [2][-]{subsection.8.6.2}{Least Squares Regression Line of bold0mu mumu yyyyyy on bold0mu mumu xxxxxx}{section.8.6}% 80
\BOOKMARK [2][-]{subsection.8.6.3}{Interpolation and Extrapolation}{section.8.6}% 81
\BOOKMARK [2][-]{subsection.8.6.4}{Least Squares Regression Line of bold0mu mumu xxxxxx on bold0mu mumu yyyyyy}{section.8.6}% 82
\BOOKMARK [1][-]{section.8.7}{Transformations to Linearize Bivariate Data}{chapter.8}% 83
